(---------------------------------------------------------------------)
(                                                                     )
(    Refresh Padstack                                                 )
(                                                                     )
(    Drawing          : SCHIVATO.brd                                  )
(    Software Version : 17.2S079                                      )
(    Date/Time        : Mon Jan 10 22:15:34 2022                      )
(                                                                     )
(---------------------------------------------------------------------)


Mon Jan 10 22:15:34 2022				Page     1


------ Pad Stack Refresh Options ------

Input design  = 'C:/USERS/UTENTE/DOWNLOADS/SCHIVATOFINALE/SCHIVATO/SCHEMATIC AND PCB LAYOUT/allegro/SCHIVATO.brd'
Output design = ''
Reset symbol text and size locations   = 'NO'


------ Library Paths ------
PSMPATH =  . 
           symbols 
           .. 
           ../symbols 
           d:/cadence17.2/share/local/pcb/symbols 
           d:/cadence17.2/share/pcb/pcb_lib/symbols 
           d:/cadence17.2/share/pcb/allegrolib/symbols 
           C:/Users/Utente/Desktop/SchivaTO/SchivaTO/FootprintLibrary 
           C:/Users/Utente/Desktop/SchivaTO/SchivaTO/SchivaTO/FootprintLibrary/ 
           C:/Users/Utente/Desktop/SchivaTO/Schematic and PCB Layout/FootprintLibrary/ 
           C:/Users/Utente/Downloads/SchivaTOfinale/SchivaTO/Schematic and PCB Layout/FootprintLibrary/ 

PADPATH =  . 
           symbols 
           .. 
           ../symbols 
           d:/cadence17.2/share/local/pcb/padstacks 
           d:/cadence17.2/share/pcb/pcb_lib/symbols 
           d:/cadence17.2/share/pcb/allegrolib/symbols 
           C:/Users/Utente/Desktop/SchivaTO/SchivaTO/PadstackLibrary 
           C:/Users/Utente/Desktop/SchivaTO/SchivaTO/SchivaTO/PadstackLibrary/ 
           C:/Users/Utente/Desktop/SchivaTO/Schematic and PCB Layout/PadstackLibrary/ 
           C:/Users/Utente/Downloads/SchivaTOfinale/SchivaTO/Schematic and PCB Layout/PadstackLibrary/ 


------ Pad Stack Refresh Messages ------

'SMD_RECT_1D4_1D5'  pad stack refresh starting.

     'SMD_RECT_1D4_1D5'  pad stack refreshed successfully.
     
'PTH_C0D9'  pad stack refresh starting.

     'PTH_C0D9'  pad stack refreshed successfully.
     
'PTH_C2D4NOPLATE'  pad stack refresh starting.

     'PTH_C2D4NOPLATE'  pad stack refreshed successfully.
     
'PTH_C1D1'  pad stack refresh starting.

     'PTH_C1D1'  pad stack refreshed successfully.
     
'PTH_SQ0D9'  pad stack refresh starting.

     'PTH_SQ0D9'  pad stack refreshed successfully.
     
'PTH_C0D5'  pad stack refresh starting.

     'PTH_C0D5'  pad stack refreshed successfully.
     
'PTH_SQ0D5'  pad stack refresh starting.

     'PTH_SQ0D5'  pad stack refreshed successfully.
     
'SMD_RECT_0D5_0D5_ANTENNA_NO_MASKS'  pad stack refresh starting.

     'SMD_RECT_0D5_0D5_ANTENNA_NO_MASKS'  pad stack refreshed successfully.
     
'SMD_RECT_0D5_0D9_ANTENNA_NO_MASKS'  pad stack refresh starting.

     'SMD_RECT_0D5_0D9_ANTENNA_NO_MASKS'  pad stack refreshed successfully.
     
'SMD_ROUNDRECT_0D5_0D9'  pad stack refresh starting.

     'SMD_ROUNDRECT_0D5_0D9'  pad stack refreshed successfully.
     
'SMD_RECT_1D5_2D2'  pad stack refresh starting.

     'SMD_RECT_1D5_2D2'  pad stack refreshed successfully.
     
'PTH_C0D7'  pad stack refresh starting.

     'PTH_C0D7'  pad stack refreshed successfully.
     
'PTH_SQ0D7'  pad stack refresh starting.

     'PTH_SQ0D7'  pad stack refreshed successfully.
     
'PTH_C0D6'  pad stack refresh starting.

     'PTH_C0D6'  pad stack refreshed successfully.
     
'SMD_ROUNDRECT_0D2_0D55'  pad stack refresh starting.

     'SMD_ROUNDRECT_0D2_0D55'  pad stack refreshed successfully.
     
'SMD_ROUNDSQUARE_2D8_WITH_TERM'  pad stack refresh starting.

     'SMD_ROUNDSQUARE_2D8_WITH_TERM'  pad stack refreshed successfully.
     
'SMD_RECT_1D2_0D5'  pad stack refresh starting.

     'SMD_RECT_1D2_0D5'  pad stack refreshed successfully.
     
'SMD_ROUNDRECT_1D1_0D6'  pad stack refresh starting.

     'SMD_ROUNDRECT_1D1_0D6'  pad stack refreshed successfully.
     
'PTH_C0D95'  pad stack refresh starting.

     'PTH_C0D95'  pad stack refreshed successfully.
     
'PTH_SQ1D45'  pad stack refresh starting.

     'PTH_SQ1D45'  pad stack refreshed successfully.
     
'SMD_ROUNDRECT_1D55_0D6'  pad stack refresh starting.

     'SMD_ROUNDRECT_1D55_0D6'  pad stack refreshed successfully.
     
'SMD_RECT_0D5_1D0'  pad stack refresh starting.

     'SMD_RECT_0D5_1D0'  pad stack refreshed successfully.
     
'SMD_RECT_0D6_0D5'  pad stack refresh starting.

     'SMD_RECT_0D6_0D5'  pad stack refreshed successfully.
     
'VIA'  pad stack refresh starting.

     'VIA'  pad stack refreshed successfully.
     
'VIA_0D3_0D6_TENTED'  pad stack refresh starting.

     'VIA_0D3_0D6_TENTED'  pad stack refreshed successfully.
     Mon Jan 10 22:15:34 2022				Page     2


     
'VIA_0D3_0D6_UNCOVERED'  pad stack refresh starting.

     'VIA_0D3_0D6_UNCOVERED'  pad stack refreshed successfully.
     
WARNING(SPMHNI-253): Unable to find pad stack, 'VIA_0D3_0D8_UNCOVERED', in directory search path.

WARNING(SPMHNI-286): Completed refreshing all pad stacks successfully. Warnings detected.
